<?xml version="1.0" encoding="UTF-8"?>
<!-- Generated by org.testng.reporters.JUnitXMLReporter -->
<testsuite ignored="1" hostname="DESKTOP-U5UTK7N" failures="1" tests="2" name="Test" time="86.752" errors="0" timestamp="2021-04-28T17:48:11 IST">
  <testcase classname="com.Banking.TestCases.TestCase_Login_Verification" name="login" time="19.811"/>
  <testcase classname="com.Banking.TestCases.TC2_Add_Customer" name="AddCustomer" time="21.644">
    <failure type="java.lang.AssertionError" message="expected [true] but found [false]">
      <![CDATA[java.lang.AssertionError: expected [true] but found [false]
at com.Banking.TestCases.TC2_Add_Customer.AddCustomer(TC2_Add_Customer.java:23)
at java.base/java.util.ArrayList.forEach(ArrayList.java:1511)
... Removed 35 stack frames]]>
    </failure>
  </testcase> <!-- AddCustomer -->
  <testcase classname="com.Banking.Configuration.BrowserSettings" name="@BeforeTest Report" time="0.0">
    <ignored/>
  </testcase> <!-- @BeforeTest Report -->
</testsuite> <!-- Test -->
